$ svelte-kit sync && svelte-check --tsconfig ./tsconfig.json
Loading svelte-check in workspace: /home/enzoferracini/Documents/Projects/patch-careers/patch-careers-ui/apps/web
Getting Svelte diagnostics...

/home/enzoferracini/Documents/Projects/patch-careers/patch-careers-ui/apps/web/src/lib/components/cv/template-switcher.svelte:26:32
Warn: This reference only captures the initial value of `value`. Did you mean to reference it inside a closure instead?
https://svelte.dev/e/state_referenced_locally (svelte)

let current = $state<Template>(value);
let saving = $state(false);

/home/enzoferracini/Documents/Projects/patch-careers/patch-careers-ui/apps/web/src/lib/components/cv/version-actions.svelte:20:25
Warn: This reference only captures the initial value of `title`. Did you mean to reference it inside a derived instead?
https://svelte.dev/e/state_referenced_locally (svelte)
let editing = $state(false);
let titleDraft = $state(title ?? '');
let saving = $state(false);

/home/enzoferracini/Documents/Projects/patch-careers/patch-careers-ui/apps/web/src/routes/[[lang=lang]]/cv/[id]/edit/+page.svelte:25:46
Warn: This reference only captures the initial value of `resumeId`. Did you mean to reference it inside a closure instead?
https://svelte.dev/e/state_referenced_locally (svelte)

const draft = useFormDraft<ResumeForm>(`cv-${resumeId}`, {
  title: '',

/home/enzoferracini/Documents/Projects/patch-careers/patch-careers-ui/apps/web/src/routes/[[lang=lang]]/jobs/+page.svelte:486:3
Error: Object literal may only specify known properties, and '"confirmText"' does not exist in type 'Props'. (ts)
		message="Vamos aplicar (com CV adaptado por IA) a TODAS as vagas com fit ≥ {rageMinFit}, até {rageMax} aplicações. Sem volta."
		confirmText={rageRunning ? 'Aplicando...' : 'Rodar agora'}
		cancelText="Cancelar"

/home/enzoferracini/Documents/Projects/patch-careers/patch-careers-ui/apps/web/src/routes/[[lang=lang]]/jobs/+page.svelte:501:12
Error: Type 'number' is not assignable to type 'string'. (ts)
						max="100"
						bind:value={rageMinFit}
					/>

/home/enzoferracini/Documents/Projects/patch-careers/patch-careers-ui/apps/web/src/routes/[[lang=lang]]/jobs/+page.svelte:506:64
Error: Type 'number' is not assignable to type 'string'. (ts)
					<Label for="max-apps">Máximo de aplicações</Label>
					<Input id="max-apps" type="number" min="1" max="100" bind:value={rageMax} />
				</div>

====================================
svelte-check found 3 errors and 3 warnings in 4 files
error: script "check" exited with code 1
